<?xml version="1.0" encoding="UTF-8"?>
<!-- Generated by org.testng.reporters.JUnitReportReporter -->
<testsuite skipped="0" hostname="DESKTOP-P9HJ0UP" name="vTigerNew.New" tests="1" failures="0" timestamp="2019-11-14T17:01:40 IST" time="0.300" errors="0">
  <testcase name="new1" time="0.300" classname="vTigerNew.New"/>
</testsuite> <!-- vTigerNew.New -->
